#! /usr/bin/vvp
:ivl_version "0.9.7 " "(v0_9_7)";
:vpi_time_precision + 0;
:vpi_module "system";
:vpi_module "v2005_math";
:vpi_module "va_math";
S_0x2732330 .scope module, "test" "test" 2 2;
 .timescale 0 0;
v0x275bec0_0 .var "X", 3 0;
v0x275bf70_0 .var "check", 1 0;
v0x275c020_0 .net "eq", 0 0, L_0x275dd20; 1 drivers
S_0x2730520 .scope module, "two_bits" "bit_four_cmp" 2 7, 3 32, S_0x2732330;
 .timescale 0 0;
L_0x275dd20 .functor AND 1, L_0x275cd00, L_0x275da90, C4<1>, C4<1>;
v0x275ba60_0 .var "A", 3 0;
v0x275bae0_0 .var "B", 3 0;
v0x275bb80_0 .net "X", 3 0, v0x275bec0_0; 1 drivers
v0x275bc20_0 .net "check", 1 0, v0x275bf70_0; 1 drivers
v0x275bcd0_0 .net "e1", 0 0, L_0x275cd00; 1 drivers
v0x275bd80_0 .net "e2", 0 0, L_0x275da90; 1 drivers
v0x275be40_0 .alias "eq", 0 0, v0x275c020_0;
E_0x2735560 .event edge, v0x275bc20_0;
L_0x275cdb0 .part v0x275ba60_0, 2, 2;
L_0x275ce50 .part v0x275bae0_0, 2, 2;
L_0x275db40 .part v0x275ba60_0, 0, 2;
L_0x275dc30 .part v0x275bae0_0, 0, 2;
S_0x275ab20 .scope module, "for_first" "bit_two_cmp" 3 39, 3 19, S_0x2730520;
 .timescale 0 0;
L_0x275cd00 .functor AND 1, L_0x275c0d0, L_0x275c6b0, C4<1>, C4<1>;
v0x275b720_0 .net "A", 1 0, L_0x275cdb0; 1 drivers
v0x275b7e0_0 .net "B", 1 0, L_0x275ce50; 1 drivers
v0x275b880_0 .net "e1", 0 0, L_0x275c0d0; 1 drivers
v0x275b900_0 .net "e2", 0 0, L_0x275c6b0; 1 drivers
v0x275b9e0_0 .alias "eq2", 0 0, v0x275bcd0_0;
L_0x275c570 .part L_0x275cdb0, 1, 1;
L_0x275c610 .part L_0x275ce50, 1, 1;
L_0x275cb20 .part L_0x275cdb0, 0, 1;
L_0x275cc10 .part L_0x275ce50, 0, 1;
S_0x275b190 .scope module, "for_first" "bit_one_cmp" 3 24, 3 1, S_0x275ab20;
 .timescale 0 0;
L_0x275c0d0 .functor OR 1, L_0x275c1b0, L_0x275c420, C4<0>, C4<0>;
L_0x275c1b0 .functor AND 1, L_0x275c570, L_0x275c610, C4<1>, C4<1>;
L_0x275c290 .functor NOT 1, L_0x275c570, C4<0>, C4<0>, C4<0>;
L_0x275c370 .functor NOT 1, L_0x275c610, C4<0>, C4<0>, C4<0>;
L_0x275c420 .functor AND 1, L_0x275c290, L_0x275c370, C4<1>, C4<1>;
v0x275b280_0 .net *"_s4", 0 0, L_0x275c290; 1 drivers
v0x275b340_0 .net *"_s6", 0 0, L_0x275c370; 1 drivers
v0x275b3e0_0 .alias "eq", 0 0, v0x275b880_0;
v0x275b480_0 .net "i0", 0 0, L_0x275c570; 1 drivers
v0x275b500_0 .net "i1", 0 0, L_0x275c610; 1 drivers
v0x275b5a0_0 .net "p1", 0 0, L_0x275c1b0; 1 drivers
v0x275b680_0 .net "p2", 0 0, L_0x275c420; 1 drivers
S_0x275ac10 .scope module, "for_sec" "bit_one_cmp" 3 25, 3 1, S_0x275ab20;
 .timescale 0 0;
L_0x275c6b0 .functor OR 1, L_0x275c760, L_0x275c9d0, C4<0>, C4<0>;
L_0x275c760 .functor AND 1, L_0x275cb20, L_0x275cc10, C4<1>, C4<1>;
L_0x275c840 .functor NOT 1, L_0x275cb20, C4<0>, C4<0>, C4<0>;
L_0x275c920 .functor NOT 1, L_0x275cc10, C4<0>, C4<0>, C4<0>;
L_0x275c9d0 .functor AND 1, L_0x275c840, L_0x275c920, C4<1>, C4<1>;
v0x275ad00_0 .net *"_s4", 0 0, L_0x275c840; 1 drivers
v0x275ad80_0 .net *"_s6", 0 0, L_0x275c920; 1 drivers
v0x275ae20_0 .alias "eq", 0 0, v0x275b900_0;
v0x275aec0_0 .net "i0", 0 0, L_0x275cb20; 1 drivers
v0x275af70_0 .net "i1", 0 0, L_0x275cc10; 1 drivers
v0x275b010_0 .net "p1", 0 0, L_0x275c760; 1 drivers
v0x275b0f0_0 .net "p2", 0 0, L_0x275c9d0; 1 drivers
S_0x272ff90 .scope module, "for_sec" "bit_two_cmp" 3 40, 3 19, S_0x2730520;
 .timescale 0 0;
L_0x275da90 .functor AND 1, L_0x275cef0, L_0x275d440, C4<1>, C4<1>;
v0x275a7e0_0 .net "A", 1 0, L_0x275db40; 1 drivers
v0x275a8a0_0 .net "B", 1 0, L_0x275dc30; 1 drivers
v0x275a940_0 .net "e1", 0 0, L_0x275cef0; 1 drivers
v0x275a9c0_0 .net "e2", 0 0, L_0x275d440; 1 drivers
v0x275aaa0_0 .alias "eq2", 0 0, v0x275bd80_0;
L_0x275d300 .part L_0x275db40, 1, 1;
L_0x275d3a0 .part L_0x275dc30, 1, 1;
L_0x275d8b0 .part L_0x275db40, 0, 1;
L_0x275d9a0 .part L_0x275dc30, 0, 1;
S_0x275a250 .scope module, "for_first" "bit_one_cmp" 3 24, 3 1, S_0x272ff90;
 .timescale 0 0;
L_0x275cef0 .functor OR 1, L_0x275cfa0, L_0x275d1b0, C4<0>, C4<0>;
L_0x275cfa0 .functor AND 1, L_0x275d300, L_0x275d3a0, C4<1>, C4<1>;
L_0x275d050 .functor NOT 1, L_0x275d300, C4<0>, C4<0>, C4<0>;
L_0x275d100 .functor NOT 1, L_0x275d3a0, C4<0>, C4<0>, C4<0>;
L_0x275d1b0 .functor AND 1, L_0x275d050, L_0x275d100, C4<1>, C4<1>;
v0x275a340_0 .net *"_s4", 0 0, L_0x275d050; 1 drivers
v0x275a400_0 .net *"_s6", 0 0, L_0x275d100; 1 drivers
v0x275a4a0_0 .alias "eq", 0 0, v0x275a940_0;
v0x275a540_0 .net "i0", 0 0, L_0x275d300; 1 drivers
v0x275a5c0_0 .net "i1", 0 0, L_0x275d3a0; 1 drivers
v0x275a660_0 .net "p1", 0 0, L_0x275cfa0; 1 drivers
v0x275a740_0 .net "p2", 0 0, L_0x275d1b0; 1 drivers
S_0x271f6e0 .scope module, "for_sec" "bit_one_cmp" 3 25, 3 1, S_0x272ff90;
 .timescale 0 0;
L_0x275d440 .functor OR 1, L_0x275d4f0, L_0x275d760, C4<0>, C4<0>;
L_0x275d4f0 .functor AND 1, L_0x275d8b0, L_0x275d9a0, C4<1>, C4<1>;
L_0x275d5d0 .functor NOT 1, L_0x275d8b0, C4<0>, C4<0>, C4<0>;
L_0x275d6b0 .functor NOT 1, L_0x275d9a0, C4<0>, C4<0>, C4<0>;
L_0x275d760 .functor AND 1, L_0x275d5d0, L_0x275d6b0, C4<1>, C4<1>;
v0x2735810_0 .net *"_s4", 0 0, L_0x275d5d0; 1 drivers
v0x2759e40_0 .net *"_s6", 0 0, L_0x275d6b0; 1 drivers
v0x2759ee0_0 .alias "eq", 0 0, v0x275a9c0_0;
v0x2759f80_0 .net "i0", 0 0, L_0x275d8b0; 1 drivers
v0x275a030_0 .net "i1", 0 0, L_0x275d9a0; 1 drivers
v0x275a0d0_0 .net "p1", 0 0, L_0x275d4f0; 1 drivers
v0x275a1b0_0 .net "p2", 0 0, L_0x275d760; 1 drivers
    .scope S_0x275b190;
T_0 ;
    %end;
    .thread T_0;
    .scope S_0x275ac10;
T_1 ;
    %end;
    .thread T_1;
    .scope S_0x275a250;
T_2 ;
    %end;
    .thread T_2;
    .scope S_0x271f6e0;
T_3 ;
    %end;
    .thread T_3;
    .scope S_0x2730520;
T_4 ;
    %wait E_0x2735560;
    %load/v 8, v0x275bc20_0, 2;
    %cmpi/u 8, 1, 2;
    %jmp/0xz  T_4.0, 4;
    %load/v 8, v0x275bb80_0, 4;
    %set/v v0x275ba60_0, 8, 4;
T_4.0 ;
    %load/v 8, v0x275bc20_0, 2;
    %cmpi/u 8, 2, 2;
    %jmp/0xz  T_4.2, 4;
    %load/v 8, v0x275bb80_0, 4;
    %set/v v0x275bae0_0, 8, 4;
T_4.2 ;
    %vpi_call 3 50 "$monitor", v0x275ba60_0;
    %jmp T_4;
    .thread T_4, $push;
    .scope S_0x2732330;
T_5 ;
    %set/v v0x275bec0_0, 1, 4;
    %movi 8, 1, 2;
    %set/v v0x275bf70_0, 8, 2;
    %set/v v0x275bf70_0, 0, 2;
    %movi 8, 14, 4;
    %set/v v0x275bec0_0, 8, 4;
    %movi 8, 2, 2;
    %set/v v0x275bf70_0, 8, 2;
    %set/v v0x275bf70_0, 0, 2;
    %end;
    .thread T_5;
# The file index is used to find the file name in the following table.
:file_names 4;
    "N/A";
    "<interactive>";
    "bit_test.v";
    "./bit_one_cmp.v";
